<?xml version="1.0" encoding="UTF-8"?>
<testng-results ignored="0" total="2" passed="0" failed="2" skipped="0">
  <reporter-output>
  </reporter-output>
  <suite started-at="2025-12-22T11:12:51 IST" name="postman13621727551614031518 Suite" finished-at="2025-12-22T11:18:17 IST" duration-ms="325689">
    <groups>
    </groups>
    <test started-at="2025-12-22T11:12:51 IST" name="postman13621727551614031518 Tests" finished-at="2025-12-22T11:18:17 IST" duration-ms="325689">
      <class name="postman13621727551614031518.document_operations_Tests">
        <test-method signature="document_operations_fetch()[pri:1, instance:postman13621727551614031518.document_operations_Tests@46f3ae7f]" started-at="2025-12-22T11:12:52 IST" name="document_operations_fetch" finished-at="2025-12-22T11:12:53 IST" duration-ms="1159" status="FAIL">
          <exception class="java.lang.AssertionError">
            <message>
              <![CDATA[Expected 200 but got: 401]]>
            </message>
            <full-stacktrace>
              <![CDATA[java.lang.AssertionError: Expected 200 but got: 401
at org.testng.Assert.fail(Assert.java:111)
at AutoGenerateTestCasesBy_Json_File_PostmanCollection.StatusCodeClass.validateStatusCode(StatusCodeClass.java:42)
at postman13621727551614031518.document_operations_Tests.document_operations_fetch(document_operations_Tests.java:32)
at java.base/jdk.internal.reflect.DirectMethodHandleAccessor.invoke(DirectMethodHandleAccessor.java:103)
at java.base/java.lang.reflect.Method.invoke(Method.java:580)
at org.testng.internal.invokers.MethodInvocationHelper.invokeMethod(MethodInvocationHelper.java:141)
at org.testng.internal.invokers.TestInvoker.invokeMethod(TestInvoker.java:686)
at org.testng.internal.invokers.TestInvoker.invokeTestMethod(TestInvoker.java:230)
at org.testng.internal.invokers.MethodRunner.runInSequence(MethodRunner.java:63)
at org.testng.internal.invokers.TestInvoker$MethodInvocationAgent.invoke(TestInvoker.java:992)
at org.testng.internal.invokers.TestInvoker.invokeTestMethods(TestInvoker.java:203)
at org.testng.internal.invokers.TestMethodWorker.invokeTestMethods(TestMethodWorker.java:154)
at org.testng.internal.invokers.TestMethodWorker.run(TestMethodWorker.java:134)
at java.base/java.util.concurrent.Executors$RunnableAdapter.call(Executors.java:572)
at java.base/java.util.concurrent.FutureTask.run(FutureTask.java:317)
at org.testng.internal.thread.graph.TestNGFutureTask.run(TestNGFutureTask.java:22)
at java.base/java.util.concurrent.ThreadPoolExecutor.runWorker(ThreadPoolExecutor.java:1144)
at java.base/java.util.concurrent.ThreadPoolExecutor$Worker.run(ThreadPoolExecutor.java:642)
at java.base/java.lang.Thread.run(Thread.java:1583)
]]>
            </full-stacktrace>
          </exception> <!-- java.lang.AssertionError -->
          <reporter-output>
          </reporter-output>
        </test-method> <!-- document_operations_fetch -->
      </class> <!-- postman13621727551614031518.document_operations_Tests -->
      <class name="postman13621727551614031518.vahaninfo_Tests">
        <test-method signature="vahanInfo()[pri:1, instance:postman13621727551614031518.vahaninfo_Tests@361804e]" started-at="2025-12-22T11:12:52 IST" name="vahanInfo" finished-at="2025-12-22T11:12:53 IST" duration-ms="1153" status="FAIL">
          <exception class="java.lang.AssertionError">
            <message>
              <![CDATA[Expected 200 but got: 401]]>
            </message>
            <full-stacktrace>
              <![CDATA[java.lang.AssertionError: Expected 200 but got: 401
at org.testng.Assert.fail(Assert.java:111)
at AutoGenerateTestCasesBy_Json_File_PostmanCollection.StatusCodeClass.validateStatusCode(StatusCodeClass.java:42)
at postman13621727551614031518.vahaninfo_Tests.vahanInfo(vahaninfo_Tests.java:32)
at java.base/jdk.internal.reflect.DirectMethodHandleAccessor.invoke(DirectMethodHandleAccessor.java:103)
at java.base/java.lang.reflect.Method.invoke(Method.java:580)
at org.testng.internal.invokers.MethodInvocationHelper.invokeMethod(MethodInvocationHelper.java:141)
at org.testng.internal.invokers.TestInvoker.invokeMethod(TestInvoker.java:686)
at org.testng.internal.invokers.TestInvoker.invokeTestMethod(TestInvoker.java:230)
at org.testng.internal.invokers.MethodRunner.runInSequence(MethodRunner.java:63)
at org.testng.internal.invokers.TestInvoker$MethodInvocationAgent.invoke(TestInvoker.java:992)
at org.testng.internal.invokers.TestInvoker.invokeTestMethods(TestInvoker.java:203)
at org.testng.internal.invokers.TestMethodWorker.invokeTestMethods(TestMethodWorker.java:154)
at org.testng.internal.invokers.TestMethodWorker.run(TestMethodWorker.java:134)
at java.base/java.util.concurrent.Executors$RunnableAdapter.call(Executors.java:572)
at java.base/java.util.concurrent.FutureTask.run(FutureTask.java:317)
at org.testng.internal.thread.graph.TestNGFutureTask.run(TestNGFutureTask.java:22)
at java.base/java.util.concurrent.ThreadPoolExecutor.runWorker(ThreadPoolExecutor.java:1144)
at java.base/java.util.concurrent.ThreadPoolExecutor$Worker.run(ThreadPoolExecutor.java:642)
at java.base/java.lang.Thread.run(Thread.java:1583)
]]>
            </full-stacktrace>
          </exception> <!-- java.lang.AssertionError -->
          <reporter-output>
          </reporter-output>
        </test-method> <!-- vahanInfo -->
      </class> <!-- postman13621727551614031518.vahaninfo_Tests -->
    </test> <!-- postman13621727551614031518 Tests -->
  </suite> <!-- postman13621727551614031518 Suite -->
</testng-results>
