<?xml version="1.0" encoding="UTF-8"?>
<!-- Generated by org.testng.reporters.JUnitReportReporter -->
<testsuite hostname="QA-HIMANSHU-RANJAN" failures="3" tests="3" name="postman8874189461788692828.API_1qhy8b6jni_execute_api_ap_south_1_amazonaws_com_Tests" time="0.547" errors="0" timestamp="2025-12-19T14:44:04 IST" skipped="0">
  <testcase classname="postman8874189461788692828.API_1qhy8b6jni_execute_api_ap_south_1_amazonaws_com_Tests" name="https___1qhy8b6jni_execute_api_ap_south_1_amazonaws_com_uat_api_buying_getFilters" time="0.229">
    <failure message="Expected 200 but got: 401" type="java.lang.AssertionError">
      <![CDATA[java.lang.AssertionError: Expected 200 but got: 401
at org.testng.Assert.fail(Assert.java:111)
at AutoGenerateTestCasesBy_Json_File_PostmanCollection.StatusCodeClass.validateStatusCode(StatusCodeClass.java:42)
at postman8874189461788692828.API_1qhy8b6jni_execute_api_ap_south_1_amazonaws_com_Tests.https___1qhy8b6jni_execute_api_ap_south_1_amazonaws_com_uat_api_buying_getFilters(API_1qhy8b6jni_execute_api_ap_south_1_amazonaws_com_Tests.java:31)
at java.base/jdk.internal.reflect.DirectMethodHandleAccessor.invoke(DirectMethodHandleAccessor.java:103)
at java.base/java.lang.reflect.Method.invoke(Method.java:580)
at org.testng.internal.invokers.MethodInvocationHelper.invokeMethod(MethodInvocationHelper.java:141)
at org.testng.internal.invokers.TestInvoker.invokeMethod(TestInvoker.java:686)
at org.testng.internal.invokers.TestInvoker.invokeTestMethod(TestInvoker.java:230)
at org.testng.internal.invokers.MethodRunner.runInSequence(MethodRunner.java:63)
at org.testng.internal.invokers.TestInvoker$MethodInvocationAgent.invoke(TestInvoker.java:992)
at org.testng.internal.invokers.TestInvoker.invokeTestMethods(TestInvoker.java:203)
at org.testng.internal.invokers.TestMethodWorker.invokeTestMethods(TestMethodWorker.java:154)
at org.testng.internal.invokers.TestMethodWorker.run(TestMethodWorker.java:134)
at java.base/java.util.concurrent.Executors$RunnableAdapter.call(Executors.java:572)
at java.base/java.util.concurrent.FutureTask.run(FutureTask.java:317)
at org.testng.internal.thread.graph.TestNGFutureTask.run(TestNGFutureTask.java:22)
at java.base/java.util.concurrent.ThreadPoolExecutor.runWorker(ThreadPoolExecutor.java:1144)
at java.base/java.util.concurrent.ThreadPoolExecutor$Worker.run(ThreadPoolExecutor.java:642)
at java.base/java.lang.Thread.run(Thread.java:1583)
]]>
    </failure>
  </testcase> <!-- https___1qhy8b6jni_execute_api_ap_south_1_amazonaws_com_uat_api_buying_getFilters -->
  <testcase classname="postman8874189461788692828.API_1qhy8b6jni_execute_api_ap_south_1_amazonaws_com_Tests" name="https___1qhy8b6jni_execute_api_ap_south_1_amazonaws_com_uat_api_buying_getBuyingList" time="0.170">
    <failure message="Expected 200 but got: 401" type="java.lang.AssertionError">
      <![CDATA[java.lang.AssertionError: Expected 200 but got: 401
at org.testng.Assert.fail(Assert.java:111)
at AutoGenerateTestCasesBy_Json_File_PostmanCollection.StatusCodeClass.validateStatusCode(StatusCodeClass.java:42)
at postman8874189461788692828.API_1qhy8b6jni_execute_api_ap_south_1_amazonaws_com_Tests.https___1qhy8b6jni_execute_api_ap_south_1_amazonaws_com_uat_api_buying_getBuyingList(API_1qhy8b6jni_execute_api_ap_south_1_amazonaws_com_Tests.java:52)
at java.base/jdk.internal.reflect.DirectMethodHandleAccessor.invoke(DirectMethodHandleAccessor.java:103)
at java.base/java.lang.reflect.Method.invoke(Method.java:580)
at org.testng.internal.invokers.MethodInvocationHelper.invokeMethod(MethodInvocationHelper.java:141)
at org.testng.internal.invokers.TestInvoker.invokeMethod(TestInvoker.java:686)
at org.testng.internal.invokers.TestInvoker.invokeTestMethod(TestInvoker.java:230)
at org.testng.internal.invokers.MethodRunner.runInSequence(MethodRunner.java:63)
at org.testng.internal.invokers.TestInvoker$MethodInvocationAgent.invoke(TestInvoker.java:992)
at org.testng.internal.invokers.TestInvoker.invokeTestMethods(TestInvoker.java:203)
at org.testng.internal.invokers.TestMethodWorker.invokeTestMethods(TestMethodWorker.java:154)
at org.testng.internal.invokers.TestMethodWorker.run(TestMethodWorker.java:134)
at java.base/java.util.concurrent.Executors$RunnableAdapter.call(Executors.java:572)
at java.base/java.util.concurrent.FutureTask.run(FutureTask.java:317)
at org.testng.internal.thread.graph.TestNGFutureTask.run(TestNGFutureTask.java:22)
at java.base/java.util.concurrent.ThreadPoolExecutor.runWorker(ThreadPoolExecutor.java:1144)
at java.base/java.util.concurrent.ThreadPoolExecutor$Worker.run(ThreadPoolExecutor.java:642)
at java.base/java.lang.Thread.run(Thread.java:1583)
]]>
    </failure>
  </testcase> <!-- https___1qhy8b6jni_execute_api_ap_south_1_amazonaws_com_uat_api_buying_getBuyingList -->
  <testcase classname="postman8874189461788692828.API_1qhy8b6jni_execute_api_ap_south_1_amazonaws_com_Tests" name="https___1qhy8b6jni_execute_api_ap_south_1_amazonaws_com_uat_api_buying_customerDetails_B25018181365MARWAGPU15078" time="0.148">
    <failure message="Expected 200 but got: 401" type="java.lang.AssertionError">
      <![CDATA[java.lang.AssertionError: Expected 200 but got: 401
at org.testng.Assert.fail(Assert.java:111)
at AutoGenerateTestCasesBy_Json_File_PostmanCollection.StatusCodeClass.validateStatusCode(StatusCodeClass.java:42)
at postman8874189461788692828.API_1qhy8b6jni_execute_api_ap_south_1_amazonaws_com_Tests.https___1qhy8b6jni_execute_api_ap_south_1_amazonaws_com_uat_api_buying_customerDetails_B25018181365MARWAGPU15078(API_1qhy8b6jni_execute_api_ap_south_1_amazonaws_com_Tests.java:72)
at java.base/jdk.internal.reflect.DirectMethodHandleAccessor.invoke(DirectMethodHandleAccessor.java:103)
at java.base/java.lang.reflect.Method.invoke(Method.java:580)
at org.testng.internal.invokers.MethodInvocationHelper.invokeMethod(MethodInvocationHelper.java:141)
at org.testng.internal.invokers.TestInvoker.invokeMethod(TestInvoker.java:686)
at org.testng.internal.invokers.TestInvoker.invokeTestMethod(TestInvoker.java:230)
at org.testng.internal.invokers.MethodRunner.runInSequence(MethodRunner.java:63)
at org.testng.internal.invokers.TestInvoker$MethodInvocationAgent.invoke(TestInvoker.java:992)
at org.testng.internal.invokers.TestInvoker.invokeTestMethods(TestInvoker.java:203)
at org.testng.internal.invokers.TestMethodWorker.invokeTestMethods(TestMethodWorker.java:154)
at org.testng.internal.invokers.TestMethodWorker.run(TestMethodWorker.java:134)
at java.base/java.util.concurrent.Executors$RunnableAdapter.call(Executors.java:572)
at java.base/java.util.concurrent.FutureTask.run(FutureTask.java:317)
at org.testng.internal.thread.graph.TestNGFutureTask.run(TestNGFutureTask.java:22)
at java.base/java.util.concurrent.ThreadPoolExecutor.runWorker(ThreadPoolExecutor.java:1144)
at java.base/java.util.concurrent.ThreadPoolExecutor$Worker.run(ThreadPoolExecutor.java:642)
at java.base/java.lang.Thread.run(Thread.java:1583)
]]>
    </failure>
  </testcase> <!-- https___1qhy8b6jni_execute_api_ap_south_1_amazonaws_com_uat_api_buying_customerDetails_B25018181365MARWAGPU15078 -->
</testsuite> <!-- postman8874189461788692828.API_1qhy8b6jni_execute_api_ap_south_1_amazonaws_com_Tests -->
